<?xml version="1.0" encoding="UTF-8"?>
<testng-results ignored="0" total="2" passed="2" failed="0" skipped="0">
  <reporter-output>
  </reporter-output>
  <suite started-at="2026-02-01T10:45:31 IST" name="Default suite" finished-at="2026-02-01T10:46:00 IST" duration-ms="28332">
    <groups>
    </groups>
    <test started-at="2026-02-01T10:45:31 IST" name="Default test" finished-at="2026-02-01T10:46:00 IST" duration-ms="28332">
      <class name="com.framework.tests.LoginTest">
        <test-method is-config="true" signature="setUp()[pri:0, instance:com.framework.tests.LoginTest@397fbdb]" started-at="2026-02-01T10:45:31 IST" name="setUp" finished-at="2026-02-01T10:45:40 IST" duration-ms="8718" status="PASS">
          <reporter-output>
          </reporter-output>
        </test-method> <!-- setUp -->
        <test-method signature="loginTest(java.lang.String,java.lang.String)[pri:0, instance:com.framework.tests.LoginTest@397fbdb]" started-at="2026-02-01T10:45:40 IST" name="loginTest" data-provider="loginData" finished-at="2026-02-01T10:45:44 IST" duration-ms="4332" status="PASS">
          <params>
            <param index="0">
              <value>
                <![CDATA[admin]]>
              </value>
            </param>
            <param index="1">
              <value>
                <![CDATA[admin123]]>
              </value>
            </param>
          </params>
          <reporter-output>
          </reporter-output>
        </test-method> <!-- loginTest -->
        <test-method is-config="true" signature="tearDown()[pri:0, instance:com.framework.tests.LoginTest@397fbdb]" started-at="2026-02-01T10:45:44 IST" name="tearDown" finished-at="2026-02-01T10:45:45 IST" duration-ms="681" status="PASS">
          <reporter-output>
          </reporter-output>
        </test-method> <!-- tearDown -->
        <test-method is-config="true" signature="setUp()[pri:0, instance:com.framework.tests.LoginTest@397fbdb]" started-at="2026-02-01T10:45:45 IST" name="setUp" finished-at="2026-02-01T10:45:56 IST" duration-ms="10552" status="PASS">
          <reporter-output>
          </reporter-output>
        </test-method> <!-- setUp -->
        <test-method signature="loginTest(java.lang.String,java.lang.String)[pri:0, instance:com.framework.tests.LoginTest@397fbdb]" started-at="2026-02-01T10:45:56 IST" name="loginTest" data-provider="loginData" finished-at="2026-02-01T10:45:59 IST" duration-ms="3316" status="PASS">
          <params>
            <param index="0">
              <value>
                <![CDATA[invalid]]>
              </value>
            </param>
            <param index="1">
              <value>
                <![CDATA[invalid123]]>
              </value>
            </param>
          </params>
          <reporter-output>
          </reporter-output>
        </test-method> <!-- loginTest -->
        <test-method is-config="true" signature="tearDown()[pri:0, instance:com.framework.tests.LoginTest@397fbdb]" started-at="2026-02-01T10:45:59 IST" name="tearDown" finished-at="2026-02-01T10:46:00 IST" duration-ms="631" status="PASS">
          <reporter-output>
          </reporter-output>
        </test-method> <!-- tearDown -->
      </class> <!-- com.framework.tests.LoginTest -->
    </test> <!-- Default test -->
  </suite> <!-- Default suite -->
</testng-results>
