<?xml version="1.0" encoding="UTF-8"?>
<testng-results ignored="0" total="5" passed="5" failed="0" skipped="0">
  <reporter-output>
  </reporter-output>
  <suite started-at="2026-02-04T18:14:28 IST" name="Automation Suite" finished-at="2026-02-04T18:14:49 IST" duration-ms="20355">
    <groups>
    </groups>
    <test started-at="2026-02-04T18:14:28 IST" name="ChromeTests" finished-at="2026-02-04T18:14:46 IST" duration-ms="17433">
      <class name="com.framework.tests.LoginTest">
        <test-method is-config="true" signature="setup()[pri:0, instance:com.framework.tests.LoginTest@30c15d8b]" started-at="2026-02-04T18:14:28 IST" name="setup" finished-at="2026-02-04T18:14:40 IST" duration-ms="11713" status="PASS">
          <reporter-output>
          </reporter-output>
        </test-method> <!-- setup -->
        <test-method is-config="true" signature="setup()[pri:0, instance:com.framework.tests.LoginTest@30c15d8b]" started-at="2026-02-04T18:14:28 IST" name="setup" finished-at="2026-02-04T18:14:37 IST" duration-ms="8566" status="PASS">
          <reporter-output>
          </reporter-output>
        </test-method> <!-- setup -->
        <test-method signature="loginTest(java.lang.String,java.lang.String)[pri:0, instance:com.framework.tests.LoginTest@30c15d8b]" started-at="2026-02-04T18:14:37 IST" name="loginTest" data-provider="loginData" finished-at="2026-02-04T18:14:45 IST" duration-ms="7999" status="PASS">
          <params>
            <param index="0">
              <value>
                <![CDATA[invalid]]>
              </value>
            </param>
            <param index="1">
              <value>
                <![CDATA[invalid123]]>
              </value>
            </param>
          </params>
          <reporter-output>
          </reporter-output>
        </test-method> <!-- loginTest -->
        <test-method signature="loginTest(java.lang.String,java.lang.String)[pri:0, instance:com.framework.tests.LoginTest@30c15d8b]" started-at="2026-02-04T18:14:40 IST" name="loginTest" data-provider="loginData" finished-at="2026-02-04T18:14:46 IST" duration-ms="5385" status="PASS">
          <params>
            <param index="0">
              <value>
                <![CDATA[admin]]>
              </value>
            </param>
            <param index="1">
              <value>
                <![CDATA[admin123]]>
              </value>
            </param>
          </params>
          <reporter-output>
          </reporter-output>
        </test-method> <!-- loginTest -->
        <test-method is-config="true" signature="tearDown()[pri:0, instance:com.framework.tests.LoginTest@30c15d8b]" started-at="2026-02-04T18:14:45 IST" name="tearDown" finished-at="2026-02-04T18:14:46 IST" duration-ms="454" status="PASS">
          <reporter-output>
          </reporter-output>
        </test-method> <!-- tearDown -->
        <test-method is-config="true" signature="tearDown()[pri:0, instance:com.framework.tests.LoginTest@30c15d8b]" started-at="2026-02-04T18:14:46 IST" name="tearDown" finished-at="2026-02-04T18:14:46 IST" duration-ms="246" status="PASS">
          <reporter-output>
          </reporter-output>
        </test-method> <!-- tearDown -->
      </class> <!-- com.framework.tests.LoginTest -->
    </test> <!-- ChromeTests -->
    <test started-at="2026-02-04T18:14:28 IST" name="FirefoxTests" finished-at="2026-02-04T18:14:47 IST" duration-ms="18089">
      <class name="com.framework.tests.LoginTest">
        <test-method is-config="true" signature="setup()[pri:0, instance:com.framework.tests.LoginTest@5e5d171f]" started-at="2026-02-04T18:14:28 IST" name="setup" finished-at="2026-02-04T18:14:40 IST" duration-ms="11746" status="PASS">
          <reporter-output>
          </reporter-output>
        </test-method> <!-- setup -->
        <test-method is-config="true" signature="setup()[pri:0, instance:com.framework.tests.LoginTest@5e5d171f]" started-at="2026-02-04T18:14:28 IST" name="setup" finished-at="2026-02-04T18:14:40 IST" duration-ms="11999" status="PASS">
          <reporter-output>
          </reporter-output>
        </test-method> <!-- setup -->
        <test-method signature="loginTest(java.lang.String,java.lang.String)[pri:0, instance:com.framework.tests.LoginTest@5e5d171f]" started-at="2026-02-04T18:14:40 IST" name="loginTest" data-provider="loginData" finished-at="2026-02-04T18:14:45 IST" duration-ms="4306" status="PASS">
          <params>
            <param index="0">
              <value>
                <![CDATA[invalid]]>
              </value>
            </param>
            <param index="1">
              <value>
                <![CDATA[invalid123]]>
              </value>
            </param>
          </params>
          <reporter-output>
          </reporter-output>
        </test-method> <!-- loginTest -->
        <test-method signature="loginTest(java.lang.String,java.lang.String)[pri:0, instance:com.framework.tests.LoginTest@5e5d171f]" started-at="2026-02-04T18:14:40 IST" name="loginTest" data-provider="loginData" finished-at="2026-02-04T18:14:46 IST" duration-ms="5316" status="PASS">
          <params>
            <param index="0">
              <value>
                <![CDATA[admin]]>
              </value>
            </param>
            <param index="1">
              <value>
                <![CDATA[admin123]]>
              </value>
            </param>
          </params>
          <reporter-output>
          </reporter-output>
        </test-method> <!-- loginTest -->
        <test-method is-config="true" signature="tearDown()[pri:0, instance:com.framework.tests.LoginTest@5e5d171f]" started-at="2026-02-04T18:14:45 IST" name="tearDown" finished-at="2026-02-04T18:14:45 IST" duration-ms="533" status="PASS">
          <reporter-output>
          </reporter-output>
        </test-method> <!-- tearDown -->
        <test-method is-config="true" signature="tearDown()[pri:0, instance:com.framework.tests.LoginTest@5e5d171f]" started-at="2026-02-04T18:14:46 IST" name="tearDown" finished-at="2026-02-04T18:14:47 IST" duration-ms="709" status="PASS">
          <reporter-output>
          </reporter-output>
        </test-method> <!-- tearDown -->
      </class> <!-- com.framework.tests.LoginTest -->
    </test> <!-- FirefoxTests -->
    <test started-at="2026-02-04T18:14:46 IST" name="API Tests" finished-at="2026-02-04T18:14:49 IST" duration-ms="2852">
      <class name="com.framework.api.tests.UserApiTest">
        <test-method is-config="true" signature="apiSetup()[pri:0, instance:com.framework.api.tests.UserApiTest@131ef10]" started-at="2026-02-04T18:14:46 IST" name="apiSetup" finished-at="2026-02-04T18:14:47 IST" duration-ms="657" status="PASS">
          <reporter-output>
          </reporter-output>
        </test-method> <!-- apiSetup -->
        <test-method signature="getUsersTest()[pri:0, instance:com.framework.api.tests.UserApiTest@131ef10]" started-at="2026-02-04T18:14:47 IST" name="getUsersTest" finished-at="2026-02-04T18:14:49 IST" duration-ms="2184" status="PASS">
          <reporter-output>
          </reporter-output>
        </test-method> <!-- getUsersTest -->
      </class> <!-- com.framework.api.tests.UserApiTest -->
    </test> <!-- API Tests -->
  </suite> <!-- Automation Suite -->
</testng-results>
