<?xml version="1.0" encoding="UTF-8"?>
<!-- Generated by org.testng.reporters.JUnitReportReporter -->
<testsuite hostname="user" failures="0" tests="4" name="com.framework.tests.LoginTest" time="83.580" errors="0" timestamp="2026-02-04T11:57:48 IST" skipped="0">
  <testcase classname="com.framework.tests.LoginTest" name="loginTest" time="18.718"/>
  <testcase classname="com.framework.tests.LoginTest" name="loginTest" time="20.812"/>
  <testcase classname="com.framework.tests.LoginTest" name="loginTest" time="22.694"/>
  <testcase classname="com.framework.tests.LoginTest" name="loginTest" time="21.356"/>
</testsuite> <!-- com.framework.tests.LoginTest -->
