<?xml version="1.0" encoding="UTF-8"?>
<!-- Generated by org.testng.reporters.JUnitReportReporter -->
<testsuite hostname="user" failures="0" tests="4" name="com.framework.tests.LoginTest" time="68.972" errors="0" timestamp="2026-02-04T18:14:49 IST" skipped="0">
  <testcase classname="com.framework.tests.LoginTest" name="loginTest" time="16.761"/>
  <testcase classname="com.framework.tests.LoginTest" name="loginTest" time="19.958"/>
  <testcase classname="com.framework.tests.LoginTest" name="loginTest" time="17.848"/>
  <testcase classname="com.framework.tests.LoginTest" name="loginTest" time="14.405"/>
</testsuite> <!-- com.framework.tests.LoginTest -->
